2022/05/05 11:42:28 [notice] 1#1: using the "epoll" event method
2022/05/05 11:42:28 [notice] 1#1: nginx/1.21.5
2022/05/05 11:42:28 [notice] 1#1: built by gcc 10.2.1 20210110 (Debian 10.2.1-6) 
2022/05/05 11:42:28 [notice] 1#1: OS: Linux 5.13.0-40-generic
2022/05/05 11:42:28 [notice] 1#1: getrlimit(RLIMIT_NOFILE): 1048576:1048576
2022/05/05 11:42:28 [notice] 1#1: start worker processes
2022/05/05 11:42:28 [notice] 1#1: start worker process 30
2022/05/05 11:42:28 [notice] 1#1: start worker process 31
2022/05/05 11:42:28 [notice] 1#1: start worker process 32
2022/05/05 11:42:28 [notice] 1#1: start worker process 33
2022/05/05 11:42:28 [notice] 1#1: start worker process 34
2022/05/05 11:42:28 [notice] 1#1: start worker process 35
2022/05/05 11:42:28 [notice] 1#1: start worker process 36
2022/05/05 11:42:28 [notice] 1#1: start worker process 37
2022/05/06 10:43:05 [notice] 1#1: signal 3 (SIGQUIT) received, shutting down
2022/05/06 10:43:05 [notice] 33#33: gracefully shutting down
2022/05/06 10:43:05 [notice] 34#34: gracefully shutting down
2022/05/06 10:43:05 [notice] 31#31: gracefully shutting down
2022/05/06 10:43:05 [notice] 37#37: gracefully shutting down
2022/05/06 10:43:05 [notice] 35#35: gracefully shutting down
2022/05/06 10:43:05 [notice] 33#33: exiting
2022/05/06 10:43:05 [notice] 35#35: exiting
2022/05/06 10:43:05 [notice] 33#33: exit
2022/05/06 10:43:05 [notice] 35#35: exit
2022/05/06 10:43:05 [notice] 34#34: exiting
2022/05/06 10:43:05 [notice] 34#34: exit
2022/05/06 10:43:05 [notice] 37#37: exiting
2022/05/06 10:43:05 [notice] 31#31: exiting
2022/05/06 10:43:05 [notice] 37#37: exit
2022/05/06 10:43:05 [notice] 31#31: exit
2022/05/06 10:43:05 [notice] 36#36: gracefully shutting down
2022/05/06 10:43:05 [notice] 36#36: exiting
2022/05/06 10:43:05 [notice] 36#36: exit
2022/05/06 10:43:05 [notice] 30#30: gracefully shutting down
2022/05/06 10:43:05 [notice] 30#30: exiting
2022/05/06 10:43:05 [notice] 30#30: exit
2022/05/06 10:43:05 [notice] 32#32: gracefully shutting down
2022/05/06 10:43:05 [notice] 32#32: exiting
2022/05/06 10:43:05 [notice] 32#32: exit
2022/05/06 10:43:05 [notice] 1#1: signal 17 (SIGCHLD) received from 36
2022/05/06 10:43:05 [notice] 1#1: worker process 36 exited with code 0
2022/05/06 10:43:05 [notice] 1#1: signal 29 (SIGIO) received
2022/05/06 10:43:05 [notice] 1#1: signal 17 (SIGCHLD) received from 30
2022/05/06 10:43:05 [notice] 1#1: worker process 30 exited with code 0
2022/05/06 10:43:05 [notice] 1#1: signal 29 (SIGIO) received
2022/05/06 10:43:05 [notice] 1#1: signal 17 (SIGCHLD) received from 33
2022/05/06 10:43:05 [notice] 1#1: worker process 33 exited with code 0
2022/05/06 10:43:05 [notice] 1#1: signal 29 (SIGIO) received
2022/05/06 10:43:05 [notice] 1#1: signal 17 (SIGCHLD) received from 31
2022/05/06 10:43:05 [notice] 1#1: worker process 31 exited with code 0
2022/05/06 10:43:05 [notice] 1#1: signal 29 (SIGIO) received
2022/05/06 10:43:05 [notice] 1#1: signal 17 (SIGCHLD) received from 35
2022/05/06 10:43:05 [notice] 1#1: worker process 35 exited with code 0
2022/05/06 10:43:05 [notice] 1#1: signal 29 (SIGIO) received
2022/05/06 10:43:05 [notice] 1#1: signal 17 (SIGCHLD) received from 34
2022/05/06 10:43:05 [notice] 1#1: worker process 34 exited with code 0
2022/05/06 10:43:05 [notice] 1#1: signal 29 (SIGIO) received
2022/05/06 10:43:05 [notice] 1#1: signal 17 (SIGCHLD) received from 37
2022/05/06 10:43:05 [notice] 1#1: worker process 37 exited with code 0
2022/05/06 10:43:05 [notice] 1#1: signal 29 (SIGIO) received
2022/05/06 10:43:05 [notice] 1#1: signal 17 (SIGCHLD) received from 32
2022/05/06 10:43:05 [notice] 1#1: worker process 32 exited with code 0
2022/05/06 10:43:05 [notice] 1#1: exit
2022/05/07 12:23:15 [notice] 1#1: using the "epoll" event method
2022/05/07 12:23:15 [notice] 1#1: nginx/1.21.5
2022/05/07 12:23:15 [notice] 1#1: built by gcc 10.2.1 20210110 (Debian 10.2.1-6) 
2022/05/07 12:23:15 [notice] 1#1: OS: Linux 5.13.0-40-generic
2022/05/07 12:23:15 [notice] 1#1: getrlimit(RLIMIT_NOFILE): 1048576:1048576
2022/05/07 12:23:15 [notice] 1#1: start worker processes
2022/05/07 12:23:15 [notice] 1#1: start worker process 30
2022/05/07 12:23:15 [notice] 1#1: start worker process 31
2022/05/07 12:23:15 [notice] 1#1: start worker process 32
2022/05/07 12:23:15 [notice] 1#1: start worker process 33
2022/05/07 12:23:15 [notice] 1#1: start worker process 34
2022/05/07 12:23:15 [notice] 1#1: start worker process 35
2022/05/07 12:23:15 [notice] 1#1: start worker process 36
2022/05/07 12:23:15 [notice] 1#1: start worker process 37
2022/05/08 04:00:00 [notice] 1#1: using the "epoll" event method
2022/05/08 04:00:00 [notice] 1#1: nginx/1.21.5
2022/05/08 04:00:00 [notice] 1#1: built by gcc 10.2.1 20210110 (Debian 10.2.1-6) 
2022/05/08 04:00:00 [notice] 1#1: OS: Linux 5.13.0-40-generic
2022/05/08 04:00:00 [notice] 1#1: getrlimit(RLIMIT_NOFILE): 1048576:1048576
2022/05/08 04:00:00 [notice] 1#1: start worker processes
2022/05/08 04:00:00 [notice] 1#1: start worker process 30
2022/05/08 04:00:00 [notice] 1#1: start worker process 31
2022/05/08 04:00:00 [notice] 1#1: start worker process 32
2022/05/08 04:00:00 [notice] 1#1: start worker process 33
2022/05/08 04:00:00 [notice] 1#1: start worker process 34
2022/05/08 04:00:00 [notice] 1#1: start worker process 35
2022/05/08 04:00:00 [notice] 1#1: start worker process 36
2022/05/08 04:00:00 [notice] 1#1: start worker process 37
2022/05/08 04:39:36 [notice] 1#1: signal 3 (SIGQUIT) received, shutting down
2022/05/08 04:39:36 [notice] 30#30: gracefully shutting down
2022/05/08 04:39:36 [notice] 33#33: gracefully shutting down
2022/05/08 04:39:36 [notice] 32#32: gracefully shutting down
2022/05/08 04:39:36 [notice] 30#30: exiting
2022/05/08 04:39:36 [notice] 34#34: gracefully shutting down
2022/05/08 04:39:36 [notice] 31#31: gracefully shutting down
2022/05/08 04:39:36 [notice] 33#33: exiting
2022/05/08 04:39:36 [notice] 35#35: gracefully shutting down
2022/05/08 04:39:36 [notice] 32#32: exiting
2022/05/08 04:39:36 [notice] 34#34: exiting
2022/05/08 04:39:36 [notice] 31#31: exiting
2022/05/08 04:39:36 [notice] 35#35: exiting
2022/05/08 04:39:36 [notice] 30#30: exit
2022/05/08 04:39:36 [notice] 32#32: exit
2022/05/08 04:39:36 [notice] 33#33: exit
2022/05/08 04:39:36 [notice] 34#34: exit
2022/05/08 04:39:36 [notice] 31#31: exit
2022/05/08 04:39:36 [notice] 35#35: exit
2022/05/08 04:39:36 [notice] 37#37: gracefully shutting down
2022/05/08 04:39:36 [notice] 37#37: exiting
2022/05/08 04:39:36 [notice] 37#37: exit
2022/05/08 04:39:36 [notice] 36#36: gracefully shutting down
2022/05/08 04:39:36 [notice] 36#36: exiting
2022/05/08 04:39:36 [notice] 36#36: exit
2022/05/08 04:39:36 [notice] 1#1: signal 17 (SIGCHLD) received from 36
2022/05/08 04:39:36 [notice] 1#1: worker process 36 exited with code 0
2022/05/08 04:39:36 [notice] 1#1: signal 29 (SIGIO) received
2022/05/08 04:39:36 [notice] 1#1: signal 17 (SIGCHLD) received from 30
2022/05/08 04:39:36 [notice] 1#1: worker process 30 exited with code 0
2022/05/08 04:39:36 [notice] 1#1: worker process 31 exited with code 0
2022/05/08 04:39:36 [notice] 1#1: worker process 33 exited with code 0
2022/05/08 04:39:36 [notice] 1#1: worker process 35 exited with code 0
2022/05/08 04:39:36 [notice] 1#1: worker process 37 exited with code 0
2022/05/08 04:39:36 [notice] 1#1: signal 29 (SIGIO) received
2022/05/08 04:39:36 [notice] 1#1: signal 17 (SIGCHLD) received from 31
2022/05/08 04:39:36 [notice] 1#1: signal 17 (SIGCHLD) received from 34
2022/05/08 04:39:36 [notice] 1#1: worker process 32 exited with code 0
2022/05/08 04:39:36 [notice] 1#1: worker process 34 exited with code 0
2022/05/08 04:39:36 [notice] 1#1: exit
2022/05/08 04:39:36 [notice] 1#1: using the "epoll" event method
2022/05/08 04:39:36 [notice] 1#1: nginx/1.21.5
2022/05/08 04:39:36 [notice] 1#1: built by gcc 10.2.1 20210110 (Debian 10.2.1-6) 
2022/05/08 04:39:36 [notice] 1#1: OS: Linux 5.13.0-40-generic
2022/05/08 04:39:36 [notice] 1#1: getrlimit(RLIMIT_NOFILE): 1048576:1048576
2022/05/08 04:39:36 [notice] 1#1: start worker processes
2022/05/08 04:39:36 [notice] 1#1: start worker process 30
2022/05/08 04:39:36 [notice] 1#1: start worker process 31
2022/05/08 04:39:36 [notice] 1#1: start worker process 32
2022/05/08 04:39:36 [notice] 1#1: start worker process 33
2022/05/08 04:39:36 [notice] 1#1: start worker process 34
2022/05/08 04:39:36 [notice] 1#1: start worker process 35
2022/05/08 04:39:36 [notice] 1#1: start worker process 36
2022/05/08 04:39:36 [notice] 1#1: start worker process 37
2022/05/08 05:27:09 [notice] 1#1: signal 3 (SIGQUIT) received, shutting down
2022/05/08 05:27:09 [notice] 30#30: gracefully shutting down
2022/05/08 05:27:09 [notice] 31#31: gracefully shutting down
2022/05/08 05:27:09 [notice] 32#32: gracefully shutting down
2022/05/08 05:27:09 [notice] 30#30: exiting
2022/05/08 05:27:09 [notice] 33#33: gracefully shutting down
2022/05/08 05:27:09 [notice] 34#34: gracefully shutting down
2022/05/08 05:27:09 [notice] 35#35: gracefully shutting down
2022/05/08 05:27:09 [notice] 37#37: gracefully shutting down
2022/05/08 05:27:09 [notice] 31#31: exiting
2022/05/08 05:27:09 [notice] 32#32: exiting
2022/05/08 05:27:09 [notice] 33#33: exiting
2022/05/08 05:27:09 [notice] 34#34: exiting
2022/05/08 05:27:09 [notice] 35#35: exiting
2022/05/08 05:27:09 [notice] 37#37: exiting
2022/05/08 05:27:09 [notice] 30#30: exit
2022/05/08 05:27:09 [notice] 32#32: exit
2022/05/08 05:27:09 [notice] 34#34: exit
2022/05/08 05:27:09 [notice] 31#31: exit
2022/05/08 05:27:09 [notice] 35#35: exit
2022/05/08 05:27:09 [notice] 33#33: exit
2022/05/08 05:27:09 [notice] 37#37: exit
2022/05/08 05:27:09 [notice] 36#36: gracefully shutting down
2022/05/08 05:27:09 [notice] 36#36: exiting
2022/05/08 05:27:09 [notice] 36#36: exit
2022/05/08 05:27:09 [notice] 1#1: signal 17 (SIGCHLD) received from 36
2022/05/08 05:27:09 [notice] 1#1: worker process 36 exited with code 0
2022/05/08 05:27:09 [notice] 1#1: worker process 30 exited with code 0
2022/05/08 05:27:09 [notice] 1#1: signal 29 (SIGIO) received
2022/05/08 05:27:09 [notice] 1#1: signal 17 (SIGCHLD) received from 30
2022/05/08 05:27:09 [notice] 1#1: signal 17 (SIGCHLD) received from 32
2022/05/08 05:27:09 [notice] 1#1: worker process 32 exited with code 0
2022/05/08 05:27:09 [notice] 1#1: worker process 33 exited with code 0
2022/05/08 05:27:09 [notice] 1#1: worker process 35 exited with code 0
2022/05/08 05:27:09 [notice] 1#1: signal 29 (SIGIO) received
2022/05/08 05:27:09 [notice] 1#1: signal 17 (SIGCHLD) received from 37
2022/05/08 05:27:09 [notice] 1#1: worker process 34 exited with code 0
2022/05/08 05:27:09 [notice] 1#1: worker process 37 exited with code 0
2022/05/08 05:27:09 [notice] 1#1: signal 29 (SIGIO) received
2022/05/08 05:27:09 [notice] 1#1: signal 17 (SIGCHLD) received from 31
2022/05/08 05:27:09 [notice] 1#1: worker process 31 exited with code 0
2022/05/08 05:27:09 [notice] 1#1: exit
2022/05/08 05:27:09 [notice] 1#1: using the "epoll" event method
2022/05/08 05:27:09 [notice] 1#1: nginx/1.21.5
2022/05/08 05:27:09 [notice] 1#1: built by gcc 10.2.1 20210110 (Debian 10.2.1-6) 
2022/05/08 05:27:09 [notice] 1#1: OS: Linux 5.13.0-40-generic
2022/05/08 05:27:09 [notice] 1#1: getrlimit(RLIMIT_NOFILE): 1048576:1048576
2022/05/08 05:27:09 [notice] 1#1: start worker processes
2022/05/08 05:27:09 [notice] 1#1: start worker process 30
2022/05/08 05:27:09 [notice] 1#1: start worker process 31
2022/05/08 05:27:09 [notice] 1#1: start worker process 32
2022/05/08 05:27:09 [notice] 1#1: start worker process 33
2022/05/08 05:27:09 [notice] 1#1: start worker process 34
2022/05/08 05:27:09 [notice] 1#1: start worker process 35
2022/05/08 05:27:09 [notice] 1#1: start worker process 36
2022/05/08 05:27:09 [notice] 1#1: start worker process 37
